Using pre-set license
Built from '2020.2/staging' branch; Version is '2020.2.5f1 (e2c53f129de5) revision 14861631'; Using compiler version '192528614'; Build Type 'Release'
OS: 'Windows 10 Pro; OS build 18363.1379; Version 1909; 64bit' Language: 'ru' Physical Memory: 32699 MB
BatchMode: 1, IsHumanControllingUs: 0, StartBugReporterOnCrash: 0, Is64bit: 1, IsPro: 0

 COMMAND LINE ARGUMENTS:
C:\Program Files\Unity\Hub\Editor\2020.2.5f1\Editor\Unity.exe
-adb2
-batchMode
-noUpm
-name
AssetImportWorker0
-projectPath
C:/Soft/Unity/First-Game-Ball
-logFile
Logs/AssetImportWorker0.log
-srvPort
55141
Successfully changed project path to: C:/Soft/Unity/First-Game-Ball
C:/Soft/Unity/First-Game-Ball
Using Asset Import Pipeline V2.
Refreshing native plugins compatible for Editor in 99.97 ms, found 0 plugins.
Preloading 0 native plugins for Editor in 0.00 ms.
Initialize engine version: 2020.2.5f1 (e2c53f129de5)
[Subsystems] Discovering subsystems at path C:/Program Files/Unity/Hub/Editor/2020.2.5f1/Editor/Data/Resources/UnitySubsystems
[Subsystems] Discovering subsystems at path C:/Soft/Unity/First-Game-Ball/Assets
GfxDevice: creating device client; threaded=0
Direct3D:
    Version:  Direct3D 11.0 [level 11.1]
    Renderer: NVIDIA GeForce GTX 1060 6GB (ID=0x1c03)
    Vendor:   
    VRAM:     6052 MB
    Driver:   27.21.14.6140
Initialize mono
Mono path[0] = 'C:/Program Files/Unity/Hub/Editor/2020.2.5f1/Editor/Data/Managed'
Mono path[1] = 'C:/Program Files/Unity/Hub/Editor/2020.2.5f1/Editor/Data/MonoBleedingEdge/lib/mono/unityjit'
Mono config path = 'C:/Program Files/Unity/Hub/Editor/2020.2.5f1/Editor/Data/MonoBleedingEdge/etc'
Using monoOptions --debugger-agent=transport=dt_socket,embedding=1,server=y,suspend=n,address=127.0.0.1:56868
Begin MonoManager ReloadAssembly
Registering precompiled unity dll's ...
Register platform support module: C:/Program Files/Unity/Hub/Editor/2020.2.5f1/Editor/Data/PlaybackEngines/WebGLSupport/UnityEditor.WebGL.Extensions.dll
Register platform support module: C:/Program Files/Unity/Hub/Editor/2020.2.5f1/Editor/Data/PlaybackEngines/WindowsStandaloneSupport/UnityEditor.WindowsStandalone.Extensions.dll
Registered in 0.005922 seconds.
Native extension for WindowsStandalone target not found
Native extension for WebGL target not found
Refreshing native plugins compatible for Editor in 84.05 ms, found 0 plugins.
Preloading 0 native plugins for Editor in 0.00 ms.
Invoked RoslynAnalysisRunner static constructor.
RoslynAnalysisRunner will not be running.
RoslynAnalysisRunner has terminated.
Mono: successfully reloaded assembly
- Completed reload, in  7.466 seconds
Platform modules already initialized, skipping
Registering precompiled user dll's ...
Registered in 0.004343 seconds.
Begin MonoManager ReloadAssembly
Native extension for WindowsStandalone target not found
Native extension for WebGL target not found
Refreshing native plugins compatible for Editor in 0.60 ms, found 0 plugins.
Preloading 0 native plugins for Editor in 0.00 ms.
Missing editor texture: 
Editor Asset Resource Provider: C:\Soft\Unity\First-Game-Ball\Assets\Ludiq\Ludiq.PeekCore\Editor/Resources\Loader/Loader.png
UnityEngine.StackTraceUtility:ExtractStackTrace ()
UnityEngine.DebugLogHandler:LogFormat (UnityEngine.LogType,UnityEngine.Object,string,object[])
UnityEngine.Logger:Log (UnityEngine.LogType,object)
UnityEngine.Debug:LogWarning (object)
Ludiq.PeekCore.EditorTexture:Load (System.Collections.Generic.IEnumerable`1<Ludiq.PeekCore.IResourceProvider>,string,Ludiq.PeekCore.CreateTextureOptions,bool) (at Assets/Ludiq/Ludiq.PeekCore/Editor/Interface/Textures/EditorTexture.cs:185)
Ludiq.PeekCore.PluginResources:LoadTexture (string,Ludiq.PeekCore.CreateTextureOptions,bool) (at Assets/Ludiq/Ludiq.PeekCore/Editor/Plugins/PluginResources.cs:157)
Ludiq.PeekCore.LudiqCoreResources:Initialize () (at Assets/Ludiq/Ludiq.PeekCore/Editor/Plugin/LudiqCoreResources.cs:21)
Ludiq.PeekCore.PluginContainer:Initialize () (at Assets/Ludiq/Ludiq.PeekCore/Editor/Plugins/PluginContainer.cs:233)
Ludiq.PeekCore.PluginContainer:.cctor () (at Assets/Ludiq/Ludiq.PeekCore/Editor/Plugins/PluginContainer.cs:21)
System.Runtime.CompilerServices.RuntimeHelpers:RunClassConstructor (System.RuntimeTypeHandle)
UnityEditor.EditorAssemblies:ProcessInitializeOnLoadAttributes (System.Type[])

(Filename: Assets/Ludiq/Ludiq.PeekCore/Editor/Interface/Textures/EditorTexture.cs Line: 185)

Missing editor texture: 
Editor Asset Resource Provider: C:\Soft\Unity\First-Game-Ball\Assets\Ludiq\Ludiq.Peek\Editor/Resources\Logos/LogoPeek.png
UnityEngine.StackTraceUtility:ExtractStackTrace ()
UnityEngine.DebugLogHandler:LogFormat (UnityEngine.LogType,UnityEngine.Object,string,object[])
UnityEngine.Logger:Log (UnityEngine.LogType,object)
UnityEngine.Debug:LogWarning (object)
Ludiq.PeekCore.EditorTexture:Load (System.Collections.Generic.IEnumerable`1<Ludiq.PeekCore.IResourceProvider>,string,Ludiq.PeekCore.CreateTextureOptions,bool) (at Assets/Ludiq/Ludiq.PeekCore/Editor/Interface/Textures/EditorTexture.cs:185)
Ludiq.PeekCore.PluginResources:LoadTexture (string,Ludiq.PeekCore.CreateTextureOptions,bool) (at Assets/Ludiq/Ludiq.PeekCore/Editor/Plugins/PluginResources.cs:157)
Ludiq.Peek.PeekProduct:Initialize () (at Assets/Ludiq/Ludiq.Peek/Editor/Plugin/PeekProduct.cs:45)
Ludiq.PeekCore.ProductContainer:Initialize () (at Assets/Ludiq/Ludiq.PeekCore/Editor/Products/ProductContainer.cs:70)
Ludiq.PeekCore.PluginContainer:Initialize () (at Assets/Ludiq/Ludiq.PeekCore/Editor/Plugins/PluginContainer.cs:254)
Ludiq.PeekCore.PluginContainer:.cctor () (at Assets/Ludiq/Ludiq.PeekCore/Editor/Plugins/PluginContainer.cs:21)
System.Runtime.CompilerServices.RuntimeHelpers:RunClassConstructor (System.RuntimeTypeHandle)
UnityEditor.EditorAssemblies:ProcessInitializeOnLoadAttributes (System.Type[])

(Filename: Assets/Ludiq/Ludiq.PeekCore/Editor/Interface/Textures/EditorTexture.cs Line: 185)

Missing editor texture: 
Editor Asset Resource Provider: C:\Soft\Unity\First-Game-Ball\Assets\Ludiq\Ludiq.Peek\Editor/Resources\Logos/LogoLudiq.png
UnityEngine.StackTraceUtility:ExtractStackTrace ()
UnityEngine.DebugLogHandler:LogFormat (UnityEngine.LogType,UnityEngine.Object,string,object[])
UnityEngine.Logger:Log (UnityEngine.LogType,object)
UnityEngine.Debug:LogWarning (object)
Ludiq.PeekCore.EditorTexture:Load (System.Collections.Generic.IEnumerable`1<Ludiq.PeekCore.IResourceProvider>,string,Ludiq.PeekCore.CreateTextureOptions,bool) (at Assets/Ludiq/Ludiq.PeekCore/Editor/Interface/Textures/EditorTexture.cs:185)
Ludiq.PeekCore.PluginResources:LoadTexture (string,Ludiq.PeekCore.CreateTextureOptions,bool) (at Assets/Ludiq/Ludiq.PeekCore/Editor/Plugins/PluginResources.cs:157)
Ludiq.Peek.PeekProduct:Initialize () (at Assets/Ludiq/Ludiq.Peek/Editor/Plugin/PeekProduct.cs:46)
Ludiq.PeekCore.ProductContainer:Initialize () (at Assets/Ludiq/Ludiq.PeekCore/Editor/Products/ProductContainer.cs:70)
Ludiq.PeekCore.PluginContainer:Initialize () (at Assets/Ludiq/Ludiq.PeekCore/Editor/Plugins/PluginContainer.cs:254)
Ludiq.PeekCore.PluginContainer:.cctor () (at Assets/Ludiq/Ludiq.PeekCore/Editor/Plugins/PluginContainer.cs:21)
System.Runtime.CompilerServices.RuntimeHelpers:RunClassConstructor (System.RuntimeTypeHandle)
UnityEditor.EditorAssemblies:ProcessInitializeOnLoadAttributes (System.Type[])

(Filename: Assets/Ludiq/Ludiq.PeekCore/Editor/Interface/Textures/EditorTexture.cs Line: 185)

Missing editor texture: 
Editor Asset Resource Provider: C:\Soft\Unity\First-Game-Ball\Assets\Ludiq\Ludiq.PeekCore\Editor/Resources\Logos/LogoFramework.png
UnityEngine.StackTraceUtility:ExtractStackTrace ()
UnityEngine.DebugLogHandler:LogFormat (UnityEngine.LogType,UnityEngine.Object,string,object[])
UnityEngine.Logger:Log (UnityEngine.LogType,object)
UnityEngine.Debug:LogWarning (object)
Ludiq.PeekCore.EditorTexture:Load (System.Collections.Generic.IEnumerable`1<Ludiq.PeekCore.IResourceProvider>,string,Ludiq.PeekCore.CreateTextureOptions,bool) (at Assets/Ludiq/Ludiq.PeekCore/Editor/Interface/Textures/EditorTexture.cs:185)
Ludiq.PeekCore.PluginResources:LoadTexture (string,Ludiq.PeekCore.CreateTextureOptions,bool) (at Assets/Ludiq/Ludiq.PeekCore/Editor/Plugins/PluginResources.cs:157)
Ludiq.PeekCore.LudiqProduct:Initialize () (at Assets/Ludiq/Ludiq.PeekCore/Editor/Product/LudiqProduct.cs:30)
Ludiq.PeekCore.ProductContainer:Initialize () (at Assets/Ludiq/Ludiq.PeekCore/Editor/Products/ProductContainer.cs:70)
Ludiq.PeekCore.PluginContainer:Initialize () (at Assets/Ludiq/Ludiq.PeekCore/Editor/Plugins/PluginContainer.cs:254)
Ludiq.PeekCore.PluginContainer:.cctor () (at Assets/Ludiq/Ludiq.PeekCore/Editor/Plugins/PluginContainer.cs:21)
System.Runtime.CompilerServices.RuntimeHelpers:RunClassConstructor (System.RuntimeTypeHandle)
UnityEditor.EditorAssemblies:ProcessInitializeOnLoadAttributes (System.Type[])

(Filename: Assets/Ludiq/Ludiq.PeekCore/Editor/Interface/Textures/EditorTexture.cs Line: 185)

Missing editor texture: 
Editor Asset Resource Provider: C:\Soft\Unity\First-Game-Ball\Assets\Ludiq\Ludiq.PeekCore\Editor/Resources\Logos/LogoLudiq.png
UnityEngine.StackTraceUtility:ExtractStackTrace ()
UnityEngine.DebugLogHandler:LogFormat (UnityEngine.LogType,UnityEngine.Object,string,object[])
UnityEngine.Logger:Log (UnityEngine.LogType,object)
UnityEngine.Debug:LogWarning (object)
Ludiq.PeekCore.EditorTexture:Load (System.Collections.Generic.IEnumerable`1<Ludiq.PeekCore.IResourceProvider>,string,Ludiq.PeekCore.CreateTextureOptions,bool) (at Assets/Ludiq/Ludiq.PeekCore/Editor/Interface/Textures/EditorTexture.cs:185)
Ludiq.PeekCore.PluginResources:LoadTexture (string,Ludiq.PeekCore.CreateTextureOptions,bool) (at Assets/Ludiq/Ludiq.PeekCore/Editor/Plugins/PluginResources.cs:157)
Ludiq.PeekCore.LudiqProduct:Initialize () (at Assets/Ludiq/Ludiq.PeekCore/Editor/Product/LudiqProduct.cs:31)
Ludiq.PeekCore.ProductContainer:Initialize () (at Assets/Ludiq/Ludiq.PeekCore/Editor/Products/ProductContainer.cs:70)
Ludiq.PeekCore.PluginContainer:Initialize () (at Assets/Ludiq/Ludiq.PeekCore/Editor/Plugins/PluginContainer.cs:254)
Ludiq.PeekCore.PluginContainer:.cctor () (at Assets/Ludiq/Ludiq.PeekCore/Editor/Plugins/PluginContainer.cs:21)
System.Runtime.CompilerServices.RuntimeHelpers:RunClassConstructor (System.RuntimeTypeHandle)
UnityEditor.EditorAssemblies:ProcessInitializeOnLoadAttributes (System.Type[])

(Filename: Assets/Ludiq/Ludiq.PeekCore/Editor/Interface/Textures/EditorTexture.cs Line: 185)

Invoked RoslynAnalysisRunner static constructor.
RoslynAnalysisRunner will not be running.
RoslynAnalysisRunner has terminated.
Mono: successfully reloaded assembly
- Completed reload, in  1.263 seconds
Platform modules already initialized, skipping
========================================================================
Worker process is ready to serve import requests
Launched and connected shader compiler UnityShaderCompiler.exe after 0.04 seconds
Refreshing native plugins compatible for Editor in 0.33 ms, found 0 plugins.
Preloading 0 native plugins for Editor in 0.00 ms.
Unloading 2155 Unused Serialized files (Serialized files now loaded: 0)
System memory in use before: 86.8 MB.
System memory in use after: 86.9 MB.

Unloading 14 unused Assets to reduce memory usage. Loaded Objects now: 2608.
Total: 7.640800 ms (FindLiveObjects: 0.165200 ms CreateObjectMapping: 0.078700 ms MarkObjects: 7.334500 ms  DeleteObjects: 0.061300 ms)

========================================================================
Received Import Request.
  path: Assets/Scripts/UI/PauseButton.cs
  artifactKey: Guid(0be7f3264c139754ab7773c80fae1122) Importer(815301076,1909f56bfc062723c751e8b465ee728b)
Start importing Assets/Scripts/UI/PauseButton.cs using Guid(0be7f3264c139754ab7773c80fae1122) Importer(815301076,1909f56bfc062723c751e8b465ee728b)  -> (artifact id: '256550dc4b923d815fdc095488428f62') in 0.033169 seconds
  Import took 0.035989 seconds .

========================================================================
Received Import Request.
  Time since last request: 0.000169 seconds.
  path: Assets/Scripts/UI/PlayButton.cs
  artifactKey: Guid(07aa1bf5dee23b549b1cb418284b504a) Importer(815301076,1909f56bfc062723c751e8b465ee728b)
Start importing Assets/Scripts/UI/PlayButton.cs using Guid(07aa1bf5dee23b549b1cb418284b504a) Importer(815301076,1909f56bfc062723c751e8b465ee728b)  -> (artifact id: '0ad22e2784bf073dea182c3d241d35e8') in 0.008803 seconds
  Import took 0.011514 seconds .

========================================================================
Received Import Request.
  Time since last request: 0.000145 seconds.
  path: Assets/Scripts/UI/Score.cs
  artifactKey: Guid(18aaafd5c15d7ca469b3e02ab712abb6) Importer(815301076,1909f56bfc062723c751e8b465ee728b)
Start importing Assets/Scripts/UI/Score.cs using Guid(18aaafd5c15d7ca469b3e02ab712abb6) Importer(815301076,1909f56bfc062723c751e8b465ee728b)  -> (artifact id: '15d31ad596b0f621e4987a158004d542') in 0.005188 seconds
  Import took 0.008079 seconds .

========================================================================
Received Import Request.
  Time since last request: 0.000182 seconds.
  path: Assets/Scripts/UI/SoundButton.cs
  artifactKey: Guid(92f008f5e3790674c9695336ddd98efa) Importer(815301076,1909f56bfc062723c751e8b465ee728b)
Start importing Assets/Scripts/UI/SoundButton.cs using Guid(92f008f5e3790674c9695336ddd98efa) Importer(815301076,1909f56bfc062723c751e8b465ee728b)  -> (artifact id: '285f57ecf4109c703f728aa6648aff44') in 0.005320 seconds
  Import took 0.007937 seconds .

========================================================================
Received Import Request.
  Time since last request: 0.000140 seconds.
  path: Assets/Scripts/UI/RecordScore.cs
  artifactKey: Guid(a9543eb96a5ff4f4c87f46d516385bc8) Importer(815301076,1909f56bfc062723c751e8b465ee728b)
Start importing Assets/Scripts/UI/RecordScore.cs using Guid(a9543eb96a5ff4f4c87f46d516385bc8) Importer(815301076,1909f56bfc062723c751e8b465ee728b)  -> (artifact id: '13d3bfcb0ff1033e1fec4416c7020709') in 0.005009 seconds
  Import took 0.007611 seconds .

========================================================================
Received Import Request.
  Time since last request: 139.946026 seconds.
  path: Assets/Scenes/GameScene.unity
  artifactKey: Guid(e788a2f8687caff42a39e46cf38c4bef) Importer(815301076,1909f56bfc062723c751e8b465ee728b)
Start importing Assets/Scenes/GameScene.unity using Guid(e788a2f8687caff42a39e46cf38c4bef) Importer(815301076,1909f56bfc062723c751e8b465ee728b)  -> (artifact id: 'bea6f3007ad05c3f80098ff8f552ecc6') in 0.011836 seconds
  Import took 0.015281 seconds .

========================================================================
Received Import Request.
  Time since last request: 1.336649 seconds.
  path: Assets/Scenes/MainMenu.unity
  artifactKey: Guid(44dd73183459a0742816687f8db731c9) Importer(815301076,1909f56bfc062723c751e8b465ee728b)
Start importing Assets/Scenes/MainMenu.unity using Guid(44dd73183459a0742816687f8db731c9) Importer(815301076,1909f56bfc062723c751e8b465ee728b)  -> (artifact id: '492ee69cb631e1229eb0bab3007bd3fe') in 0.005792 seconds
  Import took 0.008737 seconds .

========================================================================
Received Import Request.
  Time since last request: 5.522561 seconds.
  path: Assets/Scenes/GameScene.unity
  artifactKey: Guid(e788a2f8687caff42a39e46cf38c4bef) Importer(815301076,1909f56bfc062723c751e8b465ee728b)
Start importing Assets/Scenes/GameScene.unity using Guid(e788a2f8687caff42a39e46cf38c4bef) Importer(815301076,1909f56bfc062723c751e8b465ee728b)  -> (artifact id: '6177ec0e33518550bc7bbf378f83b5f9') in 0.002658 seconds
  Import took 0.006097 seconds .

========================================================================
Received Prepare
Registering precompiled user dll's ...
Registered in 0.003933 seconds.
Begin MonoManager ReloadAssembly
Native extension for WindowsStandalone target not found
Native extension for WebGL target not found
Refreshing native plugins compatible for Editor in 0.40 ms, found 0 plugins.
Preloading 0 native plugins for Editor in 0.00 ms.
Invoked RoslynAnalysisRunner static constructor.
RoslynAnalysisRunner will not be running.
RoslynAnalysisRunner has terminated.
Mono: successfully reloaded assembly
- Completed reload, in  1.384 seconds
Platform modules already initialized, skipping
Switching build target platform(5) subTarget(0) extendedPlatform(0) -> platform(13) subTarget(537395200) extendedPlatform(0)
Refreshing native plugins compatible for Editor in 0.37 ms, found 0 plugins.
Preloading 0 native plugins for Editor in 0.00 ms.
Unloading 2141 Unused Serialized files (Serialized files now loaded: 0)
System memory in use before: 115.9 MB.
System memory in use after: 116.0 MB.

Unloading 11 unused Assets to reduce memory usage. Loaded Objects now: 2616.
Total: 9.551600 ms (FindLiveObjects: 0.182300 ms CreateObjectMapping: 0.082600 ms MarkObjects: 9.216700 ms  DeleteObjects: 0.068700 ms)

AssetImportParameters requested are different than current active one (requested -> active):
  custom:graphics/normal-map-encoding: 01000000000000000000000000000000 -> 02000000000000000000000000000000
AssetImportWorkerClient::OnTransportError - code=2 error=End of file
